Starting integration tests...
== Running valid test cases ==
Running test: complex.cub
[0;31m✗ FAILED[0m: complex.cub
Expected output:

Actual output:
Invalid map
Expected exit code: 0
Actual exit code: 1
---------------------------------
Running test: minimal.cub
[0;32m✓ PASSED[0m: minimal.cub
---------------------------------
== Running invalid file format test cases ==
Running test: missing_element.cub
[0;31m✗ FAILED[0m: missing_element.cub
Expected output:
Error: Missing required element: EA
Actual output:
Missing required element: EA
Expected exit code: 1
Actual exit code: 1
---------------------------------
Running test: no_map.cub
[0;31m✗ FAILED[0m: no_map.cub
Expected output:
Error: No map in file
Actual output:
Invalid map
Expected exit code: 1
Actual exit code: 1
---------------------------------
Running test: wrong_extension.txt
[0;31m✗ FAILED[0m: wrong_extension.txt
Expected output:
Error: Invalid file name
Actual output:
Invalid file name
Expected exit code: 1
Actual exit code: 1
---------------------------------
== Running invalid texture test cases ==
Running test: duplicate_texture.cub
[0;31m✗ FAILED[0m: duplicate_texture.cub
Expected output:
Error: Duplicate identifier: NO
Actual output:
Missing required element: F
Expected exit code: 1
Actual exit code: 1
---------------------------------
Running test: invalid_texture_format.cub
[0;31m✗ FAILED[0m: invalid_texture_format.cub
Expected output:
Error: Invalid texture file format (must be .xpm): ./tests/textures/invalid/texture.jpg
Actual output:
Missing required element: NO
Expected exit code: 1
Actual exit code: 1
---------------------------------
Running test: nonexistent_texture.cub
[0;31m✗ FAILED[0m: nonexistent_texture.cub
Expected output:
Error: Texture file not found: ./tests/textures/valid/nonexistent.xpm
Actual output:
Missing required element: NO
Expected exit code: 1
Actual exit code: 1
---------------------------------
== Running invalid color test cases ==
Running test: color_out_of_range.cub
[0;31m✗ FAILED[0m: color_out_of_range.cub
Expected output:
Error: Color value out of range: 300
Actual output:
Missing required element: F
Expected exit code: 1
Actual exit code: 1
---------------------------------
Running test: invalid_color_format.cub
[0;31m✗ FAILED[0m: invalid_color_format.cub
Expected output:
Error: Invalid color format: 220,100
Actual output:
Missing required element: F
Expected exit code: 1
Actual exit code: 1
---------------------------------
Running test: invalid_color_value_type.cub
[0;31m✗ FAILED[0m: invalid_color_value_type.cub
Expected output:
Error
Invalid color format: 220,100,abc
Actual output:
Missing required element: F
Expected exit code: 1
Actual exit code: 1
---------------------------------
Running test: spaces_in_color.cub
[0;31m✗ FAILED[0m: spaces_in_color.cub
Expected output:
Error: Invalid color format: 220, 100, 0
Actual output:
Missing required element: F
Expected exit code: 1
Actual exit code: 1
---------------------------------
== Running invalid map test cases ==
Running test: content_after_map.cub
[0;31m✗ FAILED[0m: content_after_map.cub
Expected output:
Error: Content after map
Actual output:
Map contains empty line
Expected exit code: 1
Actual exit code: 1
---------------------------------
Running test: invalid_map_char.cub
[0;31m✗ FAILED[0m: invalid_map_char.cub
Expected output:
Error: Invalid character in map: X at position (2,2)
Actual output:
Invalid map
Expected exit code: 1
Actual exit code: 1
---------------------------------
Running test: map_with_empty_line.cub
[0;31m✗ FAILED[0m: map_with_empty_line.cub
Expected output:
Error: Map contains empty line
Actual output:
Map contains empty line
Expected exit code: 1
Actual exit code: 1
---------------------------------
Running test: multiple_players.cub
[0;31m✗ FAILED[0m: multiple_players.cub
Expected output:
Error: Multiple player starting positions
Actual output:
Invalid map
Expected exit code: 1
Actual exit code: 1
---------------------------------
Running test: no_player.cub
[0;31m✗ FAILED[0m: no_player.cub
Expected output:
Error: No player starting position
Actual output:
Invalid map
Expected exit code: 1
Actual exit code: 1
---------------------------------
Running test: unwalled_map.cub
[0;31m✗ FAILED[0m: unwalled_map.cub
Expected output:
Error: Map is not surrounded by walls at position (3,1)
Actual output:
Invalid map
Expected exit code: 1
Actual exit code: 1
---------------------------------
===================================
Test results: 1/18 passed
[0;31m17 tests failed.[0m
